<?xml version="1.0" encoding="UTF-8"?>
<testng-results skipped="0" failed="1" ignored="0" total="1" passed="0">
  <reporter-output>
    <line>
      <![CDATA[[[ChromeDriver: chrome on MAC (7ad161932f66d2e91bc8722396812ad7)] -> xpath: //a[text()='Gift Ideas']] <--- has been clicked<br>]]>
    </line>
    <line>
      <![CDATA[Proxy element for: DefaultElementLocator 'By.xpath: //p[text()='Retro Gifts']' <--- has been clicked<br>]]>
    </line>
    <line>
      <![CDATA[Proxy element for: DefaultElementLocator 'By.xpath: (//a[@href='/site/polaroid-now-/6476147.p?skuId=6476147']) [2]' <--- has been clicked<br>]]>
    </line>
    <line>
      <![CDATA[[[ChromeDriver: chrome on MAC (7ad161932f66d2e91bc8722396812ad7)] -> css selector: .c-button.c-button-primary.c-button-lg.c-button-block.c-button-icon.c-button-icon-leading.add-to-cart-button] <--- has been clicked<br>]]>
    </line>
    <line>
      <![CDATA[Screen Shot captured at 
/Users/marjanaurmy/eclipse-workspace/BestBuy/screenShot/polariodCamGift_11272022_051003.png<br>]]>
    </line>
  </reporter-output>
  <suite name="Default suite" duration-ms="89940" started-at="2022-11-27T17:08:35 EST" finished-at="2022-11-27T17:10:05 EST">
    <groups>
    </groups>
    <test name="Default test" duration-ms="89940" started-at="2022-11-27T17:08:35 EST" finished-at="2022-11-27T17:10:05 EST">
      <class name="moreAtBB.moreAtBestBuyTest">
        <test-method status="PASS" signature="initiatinExtentReport()[pri:0, instance:moreAtBB.moreAtBestBuyTest@5123a213]" name="initiatinExtentReport" is-config="true" duration-ms="384" started-at="2022-11-27T17:08:34 EST" finished-at="2022-11-27T17:08:35 EST">
          <reporter-output>
          </reporter-output>
        </test-method> <!-- initiatinExtentReport -->
        <test-method status="PASS" signature="beforeEachTest(java.lang.reflect.Method)[pri:0, instance:moreAtBB.moreAtBestBuyTest@5123a213]" name="beforeEachTest" is-config="true" duration-ms="18" started-at="2022-11-27T17:08:35 EST" finished-at="2022-11-27T17:08:35 EST">
          <params>
            <param index="0">
              <value>
                <![CDATA[public void moreAtBB.moreAtBestBuyTest.polariodCamGift()]]>
              </value>
            </param>
          </params>
          <reporter-output>
          </reporter-output>
        </test-method> <!-- beforeEachTest -->
        <test-method status="PASS" signature="setUpDriver()[pri:0, instance:moreAtBB.moreAtBestBuyTest@5123a213]" name="setUpDriver" is-config="true" duration-ms="8866" started-at="2022-11-27T17:08:35 EST" finished-at="2022-11-27T17:08:44 EST">
          <reporter-output>
          </reporter-output>
        </test-method> <!-- setUpDriver -->
        <test-method status="FAIL" signature="polariodCamGift()[pri:0, instance:moreAtBB.moreAtBestBuyTest@5123a213]" name="polariodCamGift" duration-ms="79875" started-at="2022-11-27T17:08:44 EST" finished-at="2022-11-27T17:10:03 EST">
          <exception class="org.openqa.selenium.NoSuchElementException">
            <message>
              <![CDATA[no such element: Unable to locate element: {"method":"css selector","selector":".c-button.c-button-secondary.c-button-sm.c-button-block"}
  (Session info: chrome=107.0.5304.110)
For documentation on this error, please visit: https://selenium.dev/exceptions/#no_such_element
Build info: version: '4.4.0', revision: 'e5c75ed026a'
System info: host: 'marjanas-Air', ip: 'fe80:0:0:0:1876:4ef4:7241:4a0%en0', os.name: 'Mac OS X', os.arch: 'x86_64', os.version: '10.15.6', java.version: '1.8.0_333'
Driver info: org.openqa.selenium.chrome.ChromeDriver
Command: [7ad161932f66d2e91bc8722396812ad7, findElement {using=css selector, value=.c-button.c-button-secondary.c-button-sm.c-button-block}]
Capabilities {acceptInsecureCerts: false, browserName: chrome, browserVersion: 107.0.5304.110, chrome: {chromedriverVersion: 107.0.5304.62 (1eec40d3a576..., userDataDir: /var/folders/hs/b023_vh174z...}, goog:chromeOptions: {debuggerAddress: localhost:55729}, networkConnectionEnabled: false, pageLoadStrategy: normal, platformName: MAC, proxy: Proxy(), se:cdp: ws://localhost:55729/devtoo..., se:cdpVersion: 107.0.5304.110, setWindowRect: true, strictFileInteractability: false, timeouts: {implicit: 0, pageLoad: 300000, script: 30000}, unhandledPromptBehavior: dismiss and notify, webauthn:extension:credBlob: true, webauthn:extension:largeBlob: true, webauthn:virtualAuthenticators: true}
Session ID: 7ad161932f66d2e91bc8722396812ad7]]>
            </message>
            <full-stacktrace>
              <![CDATA[org.openqa.selenium.NoSuchElementException: no such element: Unable to locate element: {"method":"css selector","selector":".c-button.c-button-secondary.c-button-sm.c-button-block"}
  (Session info: chrome=107.0.5304.110)
For documentation on this error, please visit: https://selenium.dev/exceptions/#no_such_element
Build info: version: '4.4.0', revision: 'e5c75ed026a'
System info: host: 'marjanas-Air', ip: 'fe80:0:0:0:1876:4ef4:7241:4a0%en0', os.name: 'Mac OS X', os.arch: 'x86_64', os.version: '10.15.6', java.version: '1.8.0_333'
Driver info: org.openqa.selenium.chrome.ChromeDriver
Command: [7ad161932f66d2e91bc8722396812ad7, findElement {using=css selector, value=.c-button.c-button-secondary.c-button-sm.c-button-block}]
Capabilities {acceptInsecureCerts: false, browserName: chrome, browserVersion: 107.0.5304.110, chrome: {chromedriverVersion: 107.0.5304.62 (1eec40d3a576..., userDataDir: /var/folders/hs/b023_vh174z...}, goog:chromeOptions: {debuggerAddress: localhost:55729}, networkConnectionEnabled: false, pageLoadStrategy: normal, platformName: MAC, proxy: Proxy(), se:cdp: ws://localhost:55729/devtoo..., se:cdpVersion: 107.0.5304.110, setWindowRect: true, strictFileInteractability: false, timeouts: {implicit: 0, pageLoad: 300000, script: 30000}, unhandledPromptBehavior: dismiss and notify, webauthn:extension:credBlob: true, webauthn:extension:largeBlob: true, webauthn:virtualAuthenticators: true}
Session ID: 7ad161932f66d2e91bc8722396812ad7
at sun.reflect.NativeConstructorAccessorImpl.newInstance0(Native Method)
at sun.reflect.NativeConstructorAccessorImpl.newInstance(NativeConstructorAccessorImpl.java:62)
at sun.reflect.DelegatingConstructorAccessorImpl.newInstance(DelegatingConstructorAccessorImpl.java:45)
at java.lang.reflect.Constructor.newInstance(Constructor.java:423)
at org.openqa.selenium.remote.codec.w3c.W3CHttpResponseCodec.createException(W3CHttpResponseCodec.java:200)
at org.openqa.selenium.remote.codec.w3c.W3CHttpResponseCodec.decode(W3CHttpResponseCodec.java:133)
at org.openqa.selenium.remote.codec.w3c.W3CHttpResponseCodec.decode(W3CHttpResponseCodec.java:53)
at org.openqa.selenium.remote.HttpCommandExecutor.execute(HttpCommandExecutor.java:184)
at org.openqa.selenium.remote.service.DriverCommandExecutor.invokeExecute(DriverCommandExecutor.java:167)
at org.openqa.selenium.remote.service.DriverCommandExecutor.execute(DriverCommandExecutor.java:142)
at org.openqa.selenium.remote.RemoteWebDriver.execute(RemoteWebDriver.java:547)
at org.openqa.selenium.remote.ElementLocation$ElementFinder$2.findElement(ElementLocation.java:162)
at org.openqa.selenium.remote.ElementLocation.findElement(ElementLocation.java:60)
at org.openqa.selenium.remote.RemoteWebDriver.findElement(RemoteWebDriver.java:365)
at org.openqa.selenium.remote.RemoteWebDriver.findElement(RemoteWebDriver.java:357)
at org.openqa.selenium.support.pagefactory.DefaultElementLocator.findElement(DefaultElementLocator.java:70)
at org.openqa.selenium.support.pagefactory.internal.LocatingElementHandler.invoke(LocatingElementHandler.java:39)
at com.sun.proxy.$Proxy17.click(Unknown Source)
at common.CommonActions.click(CommonActions.java:30)
at pages.MoreAtBestBuy.goToCart(MoreAtBestBuy.java:50)
at moreAtBB.moreAtBestBuyTest.polariodCamGift(moreAtBestBuyTest.java:14)
at sun.reflect.NativeMethodAccessorImpl.invoke0(Native Method)
at sun.reflect.NativeMethodAccessorImpl.invoke(NativeMethodAccessorImpl.java:62)
at sun.reflect.DelegatingMethodAccessorImpl.invoke(DelegatingMethodAccessorImpl.java:43)
at java.lang.reflect.Method.invoke(Method.java:498)
at org.testng.internal.invokers.MethodInvocationHelper.invokeMethod(MethodInvocationHelper.java:135)
at org.testng.internal.invokers.TestInvoker.invokeMethod(TestInvoker.java:673)
at org.testng.internal.invokers.TestInvoker.invokeTestMethod(TestInvoker.java:220)
at org.testng.internal.invokers.MethodRunner.runInSequence(MethodRunner.java:50)
at org.testng.internal.invokers.TestInvoker$MethodInvocationAgent.invoke(TestInvoker.java:945)
at org.testng.internal.invokers.TestInvoker.invokeTestMethods(TestInvoker.java:193)
at org.testng.internal.invokers.TestMethodWorker.invokeTestMethods(TestMethodWorker.java:146)
at org.testng.internal.invokers.TestMethodWorker.run(TestMethodWorker.java:128)
at java.util.ArrayList.forEach(ArrayList.java:1259)
at org.testng.TestRunner.privateRun(TestRunner.java:808)
at org.testng.TestRunner.run(TestRunner.java:603)
at org.testng.SuiteRunner.runTest(SuiteRunner.java:429)
at org.testng.SuiteRunner.runSequentially(SuiteRunner.java:423)
at org.testng.SuiteRunner.privateRun(SuiteRunner.java:383)
at org.testng.SuiteRunner.run(SuiteRunner.java:326)
at org.testng.SuiteRunnerWorker.runSuite(SuiteRunnerWorker.java:52)
at org.testng.SuiteRunnerWorker.run(SuiteRunnerWorker.java:95)
at org.testng.TestNG.runSuitesSequentially(TestNG.java:1249)
at org.testng.TestNG.runSuitesLocally(TestNG.java:1169)
at org.testng.TestNG.runSuites(TestNG.java:1092)
at org.testng.TestNG.run(TestNG.java:1060)
at org.testng.remote.AbstractRemoteTestNG.run(AbstractRemoteTestNG.java:115)
at org.testng.remote.RemoteTestNG.initAndRun(RemoteTestNG.java:251)
at org.testng.remote.RemoteTestNG.main(RemoteTestNG.java:77)
]]>
            </full-stacktrace>
          </exception> <!-- org.openqa.selenium.NoSuchElementException -->
          <reporter-output>
            <line>
              <![CDATA[[[ChromeDriver: chrome on MAC (7ad161932f66d2e91bc8722396812ad7)] -> xpath: //a[text()='Gift Ideas']] <--- has been clicked<br>]]>
            </line>
            <line>
              <![CDATA[Proxy element for: DefaultElementLocator 'By.xpath: //p[text()='Retro Gifts']' <--- has been clicked<br>]]>
            </line>
            <line>
              <![CDATA[Proxy element for: DefaultElementLocator 'By.xpath: (//a[@href='/site/polaroid-now-/6476147.p?skuId=6476147']) [2]' <--- has been clicked<br>]]>
            </line>
            <line>
              <![CDATA[[[ChromeDriver: chrome on MAC (7ad161932f66d2e91bc8722396812ad7)] -> css selector: .c-button.c-button-primary.c-button-lg.c-button-block.c-button-icon.c-button-icon-leading.add-to-cart-button] <--- has been clicked<br>]]>
            </line>
          </reporter-output>
        </test-method> <!-- polariodCamGift -->
        <test-method status="PASS" signature="afterEachTest(org.testng.ITestResult)[pri:0, instance:moreAtBB.moreAtBestBuyTest@5123a213]" name="afterEachTest" is-config="true" duration-ms="633" started-at="2022-11-27T17:10:03 EST" finished-at="2022-11-27T17:10:04 EST">
          <params>
            <param index="0">
              <value>
                <![CDATA[[TestResult name=polariodCamGift status=FAILURE method=moreAtBestBuyTest.polariodCamGift()[pri:0, instance:moreAtBB.moreAtBestBuyTest@5123a213] output=[[ChromeDriver: chrome on MAC (7ad161932f66d2e91bc8722396812ad7)] -> xpath: //a[text()='Gift Ideas']] <--- has been clicked<br>]]]>
              </value>
            </param>
          </params>
          <reporter-output>
            <line>
              <![CDATA[Screen Shot captured at 
/Users/marjanaurmy/eclipse-workspace/BestBuy/screenShot/polariodCamGift_11272022_051003.png<br>]]>
            </line>
          </reporter-output>
        </test-method> <!-- afterEachTest -->
        <test-method status="PASS" signature="closingDriverSession()[pri:0, instance:moreAtBB.moreAtBestBuyTest@5123a213]" name="closingDriverSession" is-config="true" duration-ms="492" started-at="2022-11-27T17:10:04 EST" finished-at="2022-11-27T17:10:05 EST">
          <reporter-output>
          </reporter-output>
        </test-method> <!-- closingDriverSession -->
        <test-method status="PASS" signature="closeReport()[pri:0, instance:moreAtBB.moreAtBestBuyTest@5123a213]" name="closeReport" is-config="true" duration-ms="466" started-at="2022-11-27T17:10:05 EST" finished-at="2022-11-27T17:10:05 EST">
          <reporter-output>
          </reporter-output>
        </test-method> <!-- closeReport -->
      </class> <!-- moreAtBB.moreAtBestBuyTest -->
    </test> <!-- Default test -->
  </suite> <!-- Default suite -->
</testng-results>
